This is pdfTeX, Version 3.1415926-2.5-1.40.14 (TeX Live 2013/Debian) (format=pdflatex 2014.10.22)  29 MAR 2015 18:11
entering extended mode
 restricted \write18 enabled.
 %&-line parsing enabled.
**DMSReport.tex
(./DMSReport.tex
LaTeX2e <2011/06/27>
Babel <3.9h> and hyphenation patterns for 2 languages loaded.
(/usr/share/texlive/texmf-dist/tex/latex/base/book.cls
Document Class: book 2007/10/19 v1.4h Standard LaTeX document class
(/usr/share/texlive/texmf-dist/tex/latex/base/bk10.clo
File: bk10.clo 2007/10/19 v1.4h Standard LaTeX file (size option)
)
\c@part=\count79
\c@chapter=\count80
\c@section=\count81
\c@subsection=\count82
\c@subsubsection=\count83
\c@paragraph=\count84
\c@subparagraph=\count85
\c@figure=\count86
\c@table=\count87
\abovecaptionskip=\skip41
\belowcaptionskip=\skip42
\bibindent=\dimen102
)
(/usr/share/texlive/texmf-dist/tex/latex/graphics/graphicx.sty
Package: graphicx 1999/02/16 v1.0f Enhanced LaTeX Graphics (DPC,SPQR)

(/usr/share/texlive/texmf-dist/tex/latex/graphics/keyval.sty
Package: keyval 1999/03/16 v1.13 key=value parser (DPC)
\KV@toks@=\toks14
)
(/usr/share/texlive/texmf-dist/tex/latex/graphics/graphics.sty
Package: graphics 2009/02/05 v1.0o Standard LaTeX Graphics (DPC,SPQR)

(/usr/share/texlive/texmf-dist/tex/latex/graphics/trig.sty
Package: trig 1999/03/16 v1.09 sin cos tan (DPC)
)
(/usr/share/texlive/texmf-dist/tex/latex/latexconfig/graphics.cfg
File: graphics.cfg 2010/04/23 v1.9 graphics configuration of TeX Live
)
Package graphics Info: Driver file: pdftex.def on input line 91.

(/usr/share/texlive/texmf-dist/tex/latex/pdftex-def/pdftex.def
File: pdftex.def 2011/05/27 v0.06d Graphics/color for pdfTeX

(/usr/share/texlive/texmf-dist/tex/generic/oberdiek/infwarerr.sty
Package: infwarerr 2010/04/08 v1.3 Providing info/warning/error messages (HO)
)
(/usr/share/texlive/texmf-dist/tex/generic/oberdiek/ltxcmds.sty
Package: ltxcmds 2011/11/09 v1.22 LaTeX kernel commands for general use (HO)
)
\Gread@gobject=\count88
))
\Gin@req@height=\dimen103
\Gin@req@width=\dimen104
)
(/usr/share/texlive/texmf-dist/tex/latex/pdfpages/pdfpages.sty
Package: pdfpages 2013/08/25 v0.4v Insert pages of external PDF documents (AM)

(/usr/share/texlive/texmf-dist/tex/latex/base/ifthen.sty
Package: ifthen 2001/05/26 v1.1c Standard LaTeX ifthen package (DPC)
)
(/usr/share/texlive/texmf-dist/tex/latex/tools/calc.sty
Package: calc 2007/08/22 v4.3 Infix arithmetic (KKT,FJ)
\calc@Acount=\count89
\calc@Bcount=\count90
\calc@Adimen=\dimen105
\calc@Bdimen=\dimen106
\calc@Askip=\skip43
\calc@Bskip=\skip44
LaTeX Info: Redefining \setlength on input line 76.
LaTeX Info: Redefining \addtolength on input line 77.
\calc@Ccount=\count91
\calc@Cskip=\skip45
)
(/usr/share/texlive/texmf-dist/tex/latex/eso-pic/eso-pic.sty
Package: eso-pic 2013/10/06 v2.0d eso-pic (RN)

(/usr/share/texlive/texmf-dist/tex/generic/oberdiek/atbegshi.sty
Package: atbegshi 2011/10/05 v1.16 At begin shipout hook (HO)

(/usr/share/texlive/texmf-dist/tex/generic/oberdiek/ifpdf.sty
Package: ifpdf 2011/01/30 v2.3 Provides the ifpdf switch (HO)
Package ifpdf Info: pdfTeX in PDF mode is detected.
))
(/usr/share/texmf/tex/latex/xcolor/xcolor.sty
Package: xcolor 2007/01/21 v2.11 LaTeX color extensions (UK)

(/usr/share/texlive/texmf-dist/tex/latex/latexconfig/color.cfg
File: color.cfg 2007/01/18 v1.5 color configuration of teTeX/TeXLive
)
Package xcolor Info: Driver file: pdftex.def on input line 225.
Package xcolor Info: Model `cmy' substituted by `cmy0' on input line 1337.
Package xcolor Info: Model `hsb' substituted by `rgb' on input line 1341.
Package xcolor Info: Model `RGB' extended on input line 1353.
Package xcolor Info: Model `HTML' substituted by `rgb' on input line 1355.
Package xcolor Info: Model `Hsb' substituted by `hsb' on input line 1356.
Package xcolor Info: Model `tHsb' substituted by `hsb' on input line 1357.
Package xcolor Info: Model `HSB' substituted by `hsb' on input line 1358.
Package xcolor Info: Model `Gray' substituted by `gray' on input line 1359.
Package xcolor Info: Model `wave' substituted by `hsb' on input line 1360.
))
(/usr/share/texlive/texmf-dist/tex/latex/pdfpages/pppdftex.def
File: pppdftex.def 2013/08/25 v0.4v Pdfpages driver for pdfTeX (AM)
)
\AM@pagebox=\box26
\AM@toc@title=\toks15
\c@AM@survey=\count92
\AM@templatesizebox=\box27
)
(Output/DMSReport.aux)
\openout1 = `DMSReport.aux'.

LaTeX Font Info:    Checking defaults for OML/cmm/m/it on input line 5.
LaTeX Font Info:    ... okay on input line 5.
LaTeX Font Info:    Checking defaults for T1/cmr/m/n on input line 5.
LaTeX Font Info:    ... okay on input line 5.
LaTeX Font Info:    Checking defaults for OT1/cmr/m/n on input line 5.
LaTeX Font Info:    ... okay on input line 5.
LaTeX Font Info:    Checking defaults for OMS/cmsy/m/n on input line 5.
LaTeX Font Info:    ... okay on input line 5.
LaTeX Font Info:    Checking defaults for OMX/cmex/m/n on input line 5.
LaTeX Font Info:    ... okay on input line 5.
LaTeX Font Info:    Checking defaults for U/cmr/m/n on input line 5.
LaTeX Font Info:    ... okay on input line 5.

(/usr/share/texlive/texmf-dist/tex/context/base/supp-pdf.mkii
[Loading MPS to PDF converter (version 2006.09.02).]
\scratchcounter=\count93
\scratchdimen=\dimen107
\scratchbox=\box28
\nofMPsegments=\count94
\nofMParguments=\count95
\everyMPshowfont=\toks16
\MPscratchCnt=\count96
\MPscratchDim=\dimen108
\MPnumerator=\count97
\makeMPintoPDFobject=\count98
\everyMPtoPDFconversion=\toks17
) (/usr/share/texlive/texmf-dist/tex/generic/oberdiek/pdftexcmds.sty
Package: pdftexcmds 2011/11/29 v0.20 Utility functions of pdfTeX for LuaTeX (HO
)

(/usr/share/texlive/texmf-dist/tex/generic/oberdiek/ifluatex.sty
Package: ifluatex 2010/03/01 v1.3 Provides the ifluatex switch (HO)
Package ifluatex Info: LuaTeX not detected.
)
Package pdftexcmds Info: LuaTeX not detected.
Package pdftexcmds Info: \pdf@primitive is available.
Package pdftexcmds Info: \pdf@ifprimitive is available.
Package pdftexcmds Info: \pdfdraftmode found.
)
(/usr/share/texlive/texmf-dist/tex/latex/oberdiek/epstopdf-base.sty
Package: epstopdf-base 2010/02/09 v2.5 Base part for package epstopdf

(/usr/share/texlive/texmf-dist/tex/latex/oberdiek/grfext.sty
Package: grfext 2010/08/19 v1.1 Manage graphics extensions (HO)

(/usr/share/texlive/texmf-dist/tex/generic/oberdiek/kvdefinekeys.sty
Package: kvdefinekeys 2011/04/07 v1.3 Define keys (HO)
))
(/usr/share/texlive/texmf-dist/tex/latex/oberdiek/kvoptions.sty
Package: kvoptions 2011/06/30 v3.11 Key value format for package options (HO)

(/usr/share/texlive/texmf-dist/tex/generic/oberdiek/kvsetkeys.sty
Package: kvsetkeys 2012/04/25 v1.16 Key value parser (HO)

(/usr/share/texlive/texmf-dist/tex/generic/oberdiek/etexcmds.sty
Package: etexcmds 2011/02/16 v1.5 Avoid name clashes with e-TeX commands (HO)
Package etexcmds Info: Could not find \expanded.
(etexcmds)             That can mean that you are not using pdfTeX 1.50 or
(etexcmds)             that some package has redefined \expanded.
(etexcmds)             In the latter case, load this package earlier.
)))
Package grfext Info: Graphics extension search list:
(grfext)             [.png,.pdf,.jpg,.mps,.jpeg,.jbig2,.jb2,.PNG,.PDF,.JPG,.JPE
G,.JBIG2,.JB2,.eps]
(grfext)             \AppendGraphicsExtensions on input line 452.

(/usr/share/texlive/texmf-dist/tex/latex/latexconfig/epstopdf-sys.cfg
File: epstopdf-sys.cfg 2010/07/13 v1.3 Configuration of (r)epstopdf for TeX Liv
e
))
\AtBeginShipoutBox=\box29
LaTeX Font Info:    External font `cmex10' loaded for size
(Font)              <12> on input line 9.
LaTeX Font Info:    External font `cmex10' loaded for size
(Font)              <8> on input line 9.
LaTeX Font Info:    External font `cmex10' loaded for size
(Font)              <6> on input line 9.

[1

{/var/lib/texmf/fonts/map/pdftex/updmap/pdftex.map}] (Output/DMSReport.toc
LaTeX Font Info:    External font `cmex10' loaded for size
(Font)              <7> on input line 2.
LaTeX Font Info:    External font `cmex10' loaded for size
(Font)              <5> on input line 2.
)
\tf@toc=\write3
\openout3 = `DMSReport.toc'.


[2

]
Chapter 1.
LaTeX Font Info:    Try loading font information for OMS+cmr on input line 21.
(/usr/share/texlive/texmf-dist/tex/latex/base/omscmr.fd
File: omscmr.fd 1999/05/25 v2.5h Standard LaTeX font definitions
)
LaTeX Font Info:    Font shape `OMS/cmr/m/n' in size <10> not available
(Font)              Font shape `OMS/cmsy/m/n' tried instead on input line 21.
 [3

] [4]
Chapter 2.
[5

] <images/curtainanalysis.png, id=25, 204.01219pt x 79.04532pt>
File: images/curtainanalysis.png Graphic file (type png)

<use images/curtainanalysis.png>
Package pdftex.def Info: images/curtainanalysis.png used on input line 68.
(pdftex.def)             Requested size: 204.01169pt x 79.0451pt.

<images/dooranalysis.png, id=27, 271.0125pt x 182.18062pt>
File: images/dooranalysis.png Graphic file (type png)

<use images/dooranalysis.png>
Package pdftex.def Info: images/dooranalysis.png used on input line 75.
(pdftex.def)             Requested size: 271.01183pt x 182.18016pt.
 [6 <./images/curtainanalysis.png>] [7 <./images/dooranalysis.png>] [8]
Overfull \hbox (3.49461pt too wide) in paragraph at lines 122--122
[]\OT1/cmr/bx/n/14.4 Sketching of Cor-re-spond-ing Mech-a-nisms and
 []

<images/curtainslider.jpg, id=40, 426.77336pt x 118.67494pt>
File: images/curtainslider.jpg Graphic file (type jpg)

<use images/curtainslider.jpg>
Package pdftex.def Info: images/curtainslider.jpg used on input line 127.
(pdftex.def)             Requested size: 426.77231pt x 118.67464pt.

Overfull \hbox (81.77231pt too wide) in paragraph at lines 127--128
[][] 
 []

<images/belt.png, id=41, 652.4375pt x 126.4725pt>
File: images/belt.png Graphic file (type png)
 <use images/belt.png>
Package pdftex.def Info: images/belt.png used on input line 134.
(pdftex.def)             Requested size: 652.4359pt x 126.47218pt.

Overfull \hbox (307.4359pt too wide) in paragraph at lines 134--135
[][] 
 []

<images/doormechanism.jpg, id=42, 444.27031pt x 158.23326pt>
File: images/doormechanism.jpg Graphic file (type jpg)

<use images/doormechanism.jpg>
Package pdftex.def Info: images/doormechanism.jpg used on input line 141.
(pdftex.def)             Requested size: 444.26921pt x 158.23286pt.

Overfull \hbox (99.26921pt too wide) in paragraph at lines 141--142
[][] 
 []

[9 <./images/curtainslider.jpg>] [10 <./images/belt.png> <./images/doormechanis
m.jpg>]
Chapter 3.
<doorlink_report.pdf, id=50, 614.295pt x 794.97pt>
File: doorlink_report.pdf Graphic file (type pdf)
 <use doorlink_report.pdf>
Package pdftex.def Info: doorlink_report.pdf used on input line 153.
(pdftex.def)             Requested size: 614.29349pt x 794.96806pt.
File: doorlink_report.pdf Graphic file (type pdf)

<use doorlink_report.pdf>
Package pdftex.def Info: doorlink_report.pdf used on input line 153.
(pdftex.def)             Requested size: 614.29349pt x 794.96806pt.
 [11

]
<doorlink_report.pdf, id=56, page=1, 614.295pt x 794.97pt>
File: doorlink_report.pdf Graphic file (type pdf)

<use doorlink_report.pdf, page 1>
Package pdftex.def Info: doorlink_report.pdf, page1 used on input line 153.
(pdftex.def)             Requested size: 614.29349pt x 794.96806pt.
File: doorlink_report.pdf Graphic file (type pdf)
 <use doorlink_report.pdf, page 1>
Package pdftex.def Info: doorlink_report.pdf, page1 used on input line 153.
(pdftex.def)             Requested size: 614.58406pt x 795.3441pt.
File: doorlink_report.pdf Graphic file (type pdf)

<use doorlink_report.pdf, page 1>
Package pdftex.def Info: doorlink_report.pdf, page1 used on input line 153.
(pdftex.def)             Requested size: 614.58406pt x 795.3441pt.
File: doorlink_report.pdf Graphic file (type pdf)
 <use doorlink_report.pdf, page 1>
Package pdftex.def Info: doorlink_report.pdf, page1 used on input line 153.
(pdftex.def)             Requested size: 614.58406pt x 795.3441pt.
File: doorlink_report.pdf Graphic file (type pdf)

<use doorlink_report.pdf, page 1>
Package pdftex.def Info: doorlink_report.pdf, page1 used on input line 153.
(pdftex.def)             Requested size: 614.58406pt x 795.3441pt.
 [12 <./doorlink_report.pdf>]
<doorlink_report.pdf, id=73, page=2, 614.295pt x 794.97pt>
File: doorlink_report.pdf Graphic file (type pdf)

<use doorlink_report.pdf, page 2>
Package pdftex.def Info: doorlink_report.pdf, page2 used on input line 153.
(pdftex.def)             Requested size: 614.58406pt x 795.3441pt.
File: doorlink_report.pdf Graphic file (type pdf)
 <use doorlink_report.pdf, page 2>
Package pdftex.def Info: doorlink_report.pdf, page2 used on input line 153.
(pdftex.def)             Requested size: 614.58406pt x 795.3441pt.
File: doorlink_report.pdf Graphic file (type pdf)

<use doorlink_report.pdf, page 2>
Package pdftex.def Info: doorlink_report.pdf, page2 used on input line 153.
(pdftex.def)             Requested size: 614.58406pt x 795.3441pt.
 [13 <./doorlink_report.pdf>]
<doorlink_report.pdf, id=83, page=3, 614.295pt x 794.97pt>
File: doorlink_report.pdf Graphic file (type pdf)

<use doorlink_report.pdf, page 3>
Package pdftex.def Info: doorlink_report.pdf, page3 used on input line 153.
(pdftex.def)             Requested size: 614.58406pt x 795.3441pt.
File: doorlink_report.pdf Graphic file (type pdf)
 <use doorlink_report.pdf, page 3>
Package pdftex.def Info: doorlink_report.pdf, page3 used on input line 153.
(pdftex.def)             Requested size: 614.58406pt x 795.3441pt.
File: doorlink_report.pdf Graphic file (type pdf)

<use doorlink_report.pdf, page 3>
Package pdftex.def Info: doorlink_report.pdf, page3 used on input line 153.
(pdftex.def)             Requested size: 614.58406pt x 795.3441pt.
 [14 <./doorlink_report.pdf>]
<doorlink_report.pdf, id=89, page=4, 614.295pt x 794.97pt>
File: doorlink_report.pdf Graphic file (type pdf)

<use doorlink_report.pdf, page 4>
Package pdftex.def Info: doorlink_report.pdf, page4 used on input line 153.
(pdftex.def)             Requested size: 614.58406pt x 795.3441pt.
File: doorlink_report.pdf Graphic file (type pdf)
 <use doorlink_report.pdf, page 4>
Package pdftex.def Info: doorlink_report.pdf, page4 used on input line 153.
(pdftex.def)             Requested size: 614.58406pt x 795.3441pt.
File: doorlink_report.pdf Graphic file (type pdf)

<use doorlink_report.pdf, page 4>
Package pdftex.def Info: doorlink_report.pdf, page4 used on input line 153.
(pdftex.def)             Requested size: 614.58406pt x 795.3441pt.
 [15 <./doorlink_report.pdf>]
<doorlink_report.pdf, id=97, page=5, 614.295pt x 794.97pt>
File: doorlink_report.pdf Graphic file (type pdf)

<use doorlink_report.pdf, page 5>
Package pdftex.def Info: doorlink_report.pdf, page5 used on input line 153.
(pdftex.def)             Requested size: 614.58406pt x 795.3441pt.
File: doorlink_report.pdf Graphic file (type pdf)
 <use doorlink_report.pdf, page 5>
Package pdftex.def Info: doorlink_report.pdf, page5 used on input line 153.
(pdftex.def)             Requested size: 614.58406pt x 795.3441pt.
File: doorlink_report.pdf Graphic file (type pdf)

<use doorlink_report.pdf, page 5>
Package pdftex.def Info: doorlink_report.pdf, page5 used on input line 153.
(pdftex.def)             Requested size: 614.58406pt x 795.3441pt.
 [16 <./doorlink_report.pdf>]
<doorlink_report.pdf, id=102, page=6, 614.295pt x 794.97pt>
File: doorlink_report.pdf Graphic file (type pdf)

<use doorlink_report.pdf, page 6>
Package pdftex.def Info: doorlink_report.pdf, page6 used on input line 153.
(pdftex.def)             Requested size: 614.58406pt x 795.3441pt.
File: doorlink_report.pdf Graphic file (type pdf)
 <use doorlink_report.pdf, page 6>
Package pdftex.def Info: doorlink_report.pdf, page6 used on input line 153.
(pdftex.def)             Requested size: 614.58406pt x 795.3441pt.
File: doorlink_report.pdf Graphic file (type pdf)

<use doorlink_report.pdf, page 6>
Package pdftex.def Info: doorlink_report.pdf, page6 used on input line 153.
(pdftex.def)             Requested size: 614.58406pt x 795.3441pt.
 [17 <./doorlink_report.pdf>]
<doorlink_report.pdf, id=108, page=7, 614.295pt x 794.97pt>
File: doorlink_report.pdf Graphic file (type pdf)

<use doorlink_report.pdf, page 7>
Package pdftex.def Info: doorlink_report.pdf, page7 used on input line 153.
(pdftex.def)             Requested size: 614.58406pt x 795.3441pt.
File: doorlink_report.pdf Graphic file (type pdf)
 <use doorlink_report.pdf, page 7>
Package pdftex.def Info: doorlink_report.pdf, page7 used on input line 153.
(pdftex.def)             Requested size: 614.58406pt x 795.3441pt.
File: doorlink_report.pdf Graphic file (type pdf)

<use doorlink_report.pdf, page 7>
Package pdftex.def Info: doorlink_report.pdf, page7 used on input line 153.
(pdftex.def)             Requested size: 614.58406pt x 795.3441pt.
 [18 <./doorlink_report.pdf>]
<doorlink_report.pdf, id=114, page=8, 614.295pt x 794.97pt>
File: doorlink_report.pdf Graphic file (type pdf)

<use doorlink_report.pdf, page 8>
Package pdftex.def Info: doorlink_report.pdf, page8 used on input line 153.
(pdftex.def)             Requested size: 614.58406pt x 795.3441pt.
File: doorlink_report.pdf Graphic file (type pdf)
 <use doorlink_report.pdf, page 8>
Package pdftex.def Info: doorlink_report.pdf, page8 used on input line 153.
(pdftex.def)             Requested size: 614.58406pt x 795.3441pt.
File: doorlink_report.pdf Graphic file (type pdf)

<use doorlink_report.pdf, page 8>
Package pdftex.def Info: doorlink_report.pdf, page8 used on input line 153.
(pdftex.def)             Requested size: 614.58406pt x 795.3441pt.
 [19 <./doorlink_report.pdf>]
<doorlink_report.pdf, id=122, page=9, 614.295pt x 794.97pt>
File: doorlink_report.pdf Graphic file (type pdf)

<use doorlink_report.pdf, page 9>
Package pdftex.def Info: doorlink_report.pdf, page9 used on input line 153.
(pdftex.def)             Requested size: 614.58406pt x 795.3441pt.
File: doorlink_report.pdf Graphic file (type pdf)
 <use doorlink_report.pdf, page 9>
Package pdftex.def Info: doorlink_report.pdf, page9 used on input line 153.
(pdftex.def)             Requested size: 614.58406pt x 795.3441pt.
File: doorlink_report.pdf Graphic file (type pdf)

<use doorlink_report.pdf, page 9>
Package pdftex.def Info: doorlink_report.pdf, page9 used on input line 153.
(pdftex.def)             Requested size: 614.58406pt x 795.3441pt.
 [20 <./doorlink_report.pdf>]
<slidingcompartment_report.pdf, id=128, 614.295pt x 794.97pt>
File: slidingcompartment_report.pdf Graphic file (type pdf)

<use slidingcompartment_report.pdf>
Package pdftex.def Info: slidingcompartment_report.pdf used on input line 154.
(pdftex.def)             Requested size: 614.29349pt x 794.96806pt.
File: slidingcompartment_report.pdf Graphic file (type pdf)
 <use slidingcompartment_report.pdf>
Package pdftex.def Info: slidingcompartment_report.pdf used on input line 154.
(pdftex.def)             Requested size: 614.29349pt x 794.96806pt.

<slidingcompartment_report.pdf, id=131, page=1, 614.295pt x 794.97pt>
File: slidingcompartment_report.pdf Graphic file (type pdf)

<use slidingcompartment_report.pdf, page 1>
Package pdftex.def Info: slidingcompartment_report.pdf, page1 used on input lin
e 154.
(pdftex.def)             Requested size: 614.29349pt x 794.96806pt.
File: slidingcompartment_report.pdf Graphic file (type pdf)

<use slidingcompartment_report.pdf, page 1>
Package pdftex.def Info: slidingcompartment_report.pdf, page1 used on input lin
e 154.
(pdftex.def)             Requested size: 614.58406pt x 795.3441pt.
File: slidingcompartment_report.pdf Graphic file (type pdf)

<use slidingcompartment_report.pdf, page 1>
Package pdftex.def Info: slidingcompartment_report.pdf, page1 used on input lin
e 154.
(pdftex.def)             Requested size: 614.58406pt x 795.3441pt.
File: slidingcompartment_report.pdf Graphic file (type pdf)

<use slidingcompartment_report.pdf, page 1>
Package pdftex.def Info: slidingcompartment_report.pdf, page1 used on input lin
e 154.
(pdftex.def)             Requested size: 614.58406pt x 795.3441pt.
File: slidingcompartment_report.pdf Graphic file (type pdf)

<use slidingcompartment_report.pdf, page 1>
Package pdftex.def Info: slidingcompartment_report.pdf, page1 used on input lin
e 154.
(pdftex.def)             Requested size: 614.58406pt x 795.3441pt.
 [21 <./slidingcompartment_report.pdf>] <slidingcompartment_report.pdf, id=148,
 page=2, 614.295pt x 794.97pt>
File: slidingcompartment_report.pdf Graphic file (type pdf)

<use slidingcompartment_report.pdf, page 2>
Package pdftex.def Info: slidingcompartment_report.pdf, page2 used on input lin
e 154.
(pdftex.def)             Requested size: 614.58406pt x 795.3441pt.
File: slidingcompartment_report.pdf Graphic file (type pdf)

<use slidingcompartment_report.pdf, page 2>
Package pdftex.def Info: slidingcompartment_report.pdf, page2 used on input lin
e 154.
(pdftex.def)             Requested size: 614.58406pt x 795.3441pt.
File: slidingcompartment_report.pdf Graphic file (type pdf)

<use slidingcompartment_report.pdf, page 2>
Package pdftex.def Info: slidingcompartment_report.pdf, page2 used on input lin
e 154.
(pdftex.def)             Requested size: 614.58406pt x 795.3441pt.
 [22 <./slidingcompartment_report.pdf>] <slidingcompartment_report.pdf, id=157,
 page=3, 614.295pt x 794.97pt>
File: slidingcompartment_report.pdf Graphic file (type pdf)

<use slidingcompartment_report.pdf, page 3>
Package pdftex.def Info: slidingcompartment_report.pdf, page3 used on input lin
e 154.
(pdftex.def)             Requested size: 614.58406pt x 795.3441pt.
File: slidingcompartment_report.pdf Graphic file (type pdf)

<use slidingcompartment_report.pdf, page 3>
Package pdftex.def Info: slidingcompartment_report.pdf, page3 used on input lin
e 154.
(pdftex.def)             Requested size: 614.58406pt x 795.3441pt.
File: slidingcompartment_report.pdf Graphic file (type pdf)

<use slidingcompartment_report.pdf, page 3>
Package pdftex.def Info: slidingcompartment_report.pdf, page3 used on input lin
e 154.
(pdftex.def)             Requested size: 614.58406pt x 795.3441pt.
 [23 <./slidingcompartment_report.pdf>] <slidingcompartment_report.pdf, id=165,
 page=4, 614.295pt x 794.97pt>
File: slidingcompartment_report.pdf Graphic file (type pdf)

<use slidingcompartment_report.pdf, page 4>
Package pdftex.def Info: slidingcompartment_report.pdf, page4 used on input lin
e 154.
(pdftex.def)             Requested size: 614.58406pt x 795.3441pt.
File: slidingcompartment_report.pdf Graphic file (type pdf)

<use slidingcompartment_report.pdf, page 4>
Package pdftex.def Info: slidingcompartment_report.pdf, page4 used on input lin
e 154.
(pdftex.def)             Requested size: 614.58406pt x 795.3441pt.
File: slidingcompartment_report.pdf Graphic file (type pdf)

<use slidingcompartment_report.pdf, page 4>
Package pdftex.def Info: slidingcompartment_report.pdf, page4 used on input lin
e 154.
(pdftex.def)             Requested size: 614.58406pt x 795.3441pt.
 [24 <./slidingcompartment_report.pdf>] <slidingcompartment_report.pdf, id=171,
 page=5, 614.295pt x 794.97pt>
File: slidingcompartment_report.pdf Graphic file (type pdf)

<use slidingcompartment_report.pdf, page 5>
Package pdftex.def Info: slidingcompartment_report.pdf, page5 used on input lin
e 154.
(pdftex.def)             Requested size: 614.58406pt x 795.3441pt.
File: slidingcompartment_report.pdf Graphic file (type pdf)

<use slidingcompartment_report.pdf, page 5>
Package pdftex.def Info: slidingcompartment_report.pdf, page5 used on input lin
e 154.
(pdftex.def)             Requested size: 614.58406pt x 795.3441pt.
File: slidingcompartment_report.pdf Graphic file (type pdf)

<use slidingcompartment_report.pdf, page 5>
Package pdftex.def Info: slidingcompartment_report.pdf, page5 used on input lin
e 154.
(pdftex.def)             Requested size: 614.58406pt x 795.3441pt.
 [25 <./slidingcompartment_report.pdf>] <slidingcompartment_report.pdf, id=178,
 page=6, 614.295pt x 794.97pt>
File: slidingcompartment_report.pdf Graphic file (type pdf)

<use slidingcompartment_report.pdf, page 6>
Package pdftex.def Info: slidingcompartment_report.pdf, page6 used on input lin
e 154.
(pdftex.def)             Requested size: 614.58406pt x 795.3441pt.
File: slidingcompartment_report.pdf Graphic file (type pdf)

<use slidingcompartment_report.pdf, page 6>
Package pdftex.def Info: slidingcompartment_report.pdf, page6 used on input lin
e 154.
(pdftex.def)             Requested size: 614.58406pt x 795.3441pt.
File: slidingcompartment_report.pdf Graphic file (type pdf)

<use slidingcompartment_report.pdf, page 6>
Package pdftex.def Info: slidingcompartment_report.pdf, page6 used on input lin
e 154.
(pdftex.def)             Requested size: 614.58406pt x 795.3441pt.
 [26 <./slidingcompartment_report.pdf>] <slidingcompartment_report.pdf, id=185,
 page=7, 614.295pt x 794.97pt>
File: slidingcompartment_report.pdf Graphic file (type pdf)

<use slidingcompartment_report.pdf, page 7>
Package pdftex.def Info: slidingcompartment_report.pdf, page7 used on input lin
e 154.
(pdftex.def)             Requested size: 614.58406pt x 795.3441pt.
File: slidingcompartment_report.pdf Graphic file (type pdf)

<use slidingcompartment_report.pdf, page 7>
Package pdftex.def Info: slidingcompartment_report.pdf, page7 used on input lin
e 154.
(pdftex.def)             Requested size: 614.58406pt x 795.3441pt.
File: slidingcompartment_report.pdf Graphic file (type pdf)

<use slidingcompartment_report.pdf, page 7>
Package pdftex.def Info: slidingcompartment_report.pdf, page7 used on input lin
e 154.
(pdftex.def)             Requested size: 614.58406pt x 795.3441pt.
 [27 <./slidingcompartment_report.pdf>]
Chapter 4.
[28

] [29

] (Output/DMSReport.aux) )
(\end occurred inside a group at level 1)

### simple group (level 1) entered at line 107 ({)
### bottom level 
Here is how much of TeX's memory you used:
 2865 strings out of 495028
 42032 string characters out of 6181496
 103396 words of memory out of 5000000
 6038 multiletter control sequences out of 15000+600000
 9460 words of font info for 33 fonts, out of 8000000 for 9000
 14 hyphenation exceptions out of 8191
 40i,18n,46p,486b,443s stack positions out of 5000i,500n,10000p,200000b,80000s
</usr/share/texlive/texmf-dist/fonts/type1/public/amsfonts/cm/c
mbx10.pfb></usr/share/texlive/texmf-dist/fonts/type1/public/amsfonts/cm/cmbx12.
pfb></usr/share/texlive/texmf-dist/fonts/type1/public/amsfonts/cm/cmr10.pfb></u
sr/share/texlive/texmf-dist/fonts/type1/public/amsfonts/cm/cmr12.pfb></usr/shar
e/texlive/texmf-dist/fonts/type1/public/amsfonts/cm/cmr17.pfb></usr/share/texli
ve/texmf-dist/fonts/type1/public/amsfonts/cm/cmsl10.pfb></usr/share/texlive/tex
mf-dist/fonts/type1/public/amsfonts/cm/cmsy10.pfb>
Output written on Output/DMSReport.pdf (29 pages, 1024460 bytes).
PDF statistics:
 222 PDF objects out of 1000 (max. 8388607)
 117 compressed objects within 2 object streams
 0 named destinations out of 1000 (max. 500000)
 136 words of extra memory for PDF output out of 10000 (max. 10000000)

