This is pdfTeX, Version 3.1415926-2.5-1.40.14 (MiKTeX 2.9) (preloaded format=pdflatex 2015.3.28)  30 MAR 2015 18:48
entering extended mode
**DMSReport.tex

("C:\Users\Kuzan\Documents\EMT\DMS I project\homeautomation\writings\DMSReport.
tex"
LaTeX2e <2011/06/27>
Babel <v3.8m> and hyphenation patterns for english, afrikaans, ancientgreek, ar
abic, armenian, assamese, basque, bengali, bokmal, bulgarian, catalan, coptic, 
croatian, czech, danish, dutch, esperanto, estonian, farsi, finnish, french, ga
lician, german, german-x-2013-05-26, greek, gujarati, hindi, hungarian, iceland
ic, indonesian, interlingua, irish, italian, kannada, kurmanji, latin, latvian,
 lithuanian, malayalam, marathi, mongolian, mongolianlmc, monogreek, ngerman, n
german-x-2013-05-26, nynorsk, oriya, panjabi, pinyin, polish, portuguese, roman
ian, russian, sanskrit, serbian, slovak, slovenian, spanish, swedish, swissgerm
an, tamil, telugu, turkish, turkmen, ukenglish, ukrainian, uppersorbian, usengl
ishmax, welsh, loaded.
("C:\Program Files (x86)\MiKTeX 2.9\tex\latex\base\book.cls"
Document Class: book 2007/10/19 v1.4h Standard LaTeX document class
("C:\Program Files (x86)\MiKTeX 2.9\tex\latex\base\bk10.clo"
File: bk10.clo 2007/10/19 v1.4h Standard LaTeX file (size option)
)
\c@part=\count79
\c@chapter=\count80
\c@section=\count81
\c@subsection=\count82
\c@subsubsection=\count83
\c@paragraph=\count84
\c@subparagraph=\count85
\c@figure=\count86
\c@table=\count87
\abovecaptionskip=\skip41
\belowcaptionskip=\skip42
\bibindent=\dimen102
)
("C:\Program Files (x86)\MiKTeX 2.9\tex\latex\graphics\graphicx.sty"
Package: graphicx 1999/02/16 v1.0f Enhanced LaTeX Graphics (DPC,SPQR)

("C:\Program Files (x86)\MiKTeX 2.9\tex\latex\graphics\keyval.sty"
Package: keyval 1999/03/16 v1.13 key=value parser (DPC)
\KV@toks@=\toks14
)
("C:\Program Files (x86)\MiKTeX 2.9\tex\latex\graphics\graphics.sty"
Package: graphics 2009/02/05 v1.0o Standard LaTeX Graphics (DPC,SPQR)

("C:\Program Files (x86)\MiKTeX 2.9\tex\latex\graphics\trig.sty"
Package: trig 1999/03/16 v1.09 sin cos tan (DPC)
)
("C:\Program Files (x86)\MiKTeX 2.9\tex\latex\00miktex\graphics.cfg"
File: graphics.cfg 2007/01/18 v1.5 graphics configuration of teTeX/TeXLive
)
Package graphics Info: Driver file: pdftex.def on input line 91.

("C:\Program Files (x86)\MiKTeX 2.9\tex\latex\pdftex-def\pdftex.def"
File: pdftex.def 2011/05/27 v0.06d Graphics/color for pdfTeX

("C:\Program Files (x86)\MiKTeX 2.9\tex\generic\oberdiek\infwarerr.sty"
Package: infwarerr 2010/04/08 v1.3 Providing info/warning/error messages (HO)
)
("C:\Program Files (x86)\MiKTeX 2.9\tex\generic\oberdiek\ltxcmds.sty"
Package: ltxcmds 2011/11/09 v1.22 LaTeX kernel commands for general use (HO)
)
\Gread@gobject=\count88
))
\Gin@req@height=\dimen103
\Gin@req@width=\dimen104
)
("C:\Program Files (x86)\MiKTeX 2.9\tex\latex\pdfpages\pdfpages.sty"
Package: pdfpages 2013/08/25 v0.4v Insert pages of external PDF documents (AM)

("C:\Program Files (x86)\MiKTeX 2.9\tex\latex\base\ifthen.sty"
Package: ifthen 2001/05/26 v1.1c Standard LaTeX ifthen package (DPC)
)
("C:\Program Files (x86)\MiKTeX 2.9\tex\latex\tools\calc.sty"
Package: calc 2007/08/22 v4.3 Infix arithmetic (KKT,FJ)
\calc@Acount=\count89
\calc@Bcount=\count90
\calc@Adimen=\dimen105
\calc@Bdimen=\dimen106
\calc@Askip=\skip43
\calc@Bskip=\skip44
LaTeX Info: Redefining \setlength on input line 76.
LaTeX Info: Redefining \addtolength on input line 77.
\calc@Ccount=\count91
\calc@Cskip=\skip45
)
("C:\Program Files (x86)\MiKTeX 2.9\tex\latex\eso-pic\eso-pic.sty"
Package: eso-pic 2013/10/06 v2.0d eso-pic (RN)

("C:\Program Files (x86)\MiKTeX 2.9\tex\generic\oberdiek\atbegshi.sty"
Package: atbegshi 2011/10/05 v1.16 At begin shipout hook (HO)

("C:\Program Files (x86)\MiKTeX 2.9\tex\generic\oberdiek\ifpdf.sty"
Package: ifpdf 2011/01/30 v2.3 Provides the ifpdf switch (HO)
Package ifpdf Info: pdfTeX in PDF mode is detected.
))
("C:\Program Files (x86)\MiKTeX 2.9\tex\latex\xcolor\xcolor.sty"
Package: xcolor 2007/01/21 v2.11 LaTeX color extensions (UK)

("C:\Program Files (x86)\MiKTeX 2.9\tex\latex\00miktex\color.cfg"
File: color.cfg 2007/01/18 v1.5 color configuration of teTeX/TeXLive
)
Package xcolor Info: Driver file: pdftex.def on input line 225.
Package xcolor Info: Model `cmy' substituted by `cmy0' on input line 1337.
Package xcolor Info: Model `hsb' substituted by `rgb' on input line 1341.
Package xcolor Info: Model `RGB' extended on input line 1353.
Package xcolor Info: Model `HTML' substituted by `rgb' on input line 1355.
Package xcolor Info: Model `Hsb' substituted by `hsb' on input line 1356.
Package xcolor Info: Model `tHsb' substituted by `hsb' on input line 1357.
Package xcolor Info: Model `HSB' substituted by `hsb' on input line 1358.
Package xcolor Info: Model `Gray' substituted by `gray' on input line 1359.
Package xcolor Info: Model `wave' substituted by `hsb' on input line 1360.
))
("C:\Program Files (x86)\MiKTeX 2.9\tex\latex\pdfpages\pppdftex.def"
File: pppdftex.def 2013/08/25 v0.4v Pdfpages driver for pdfTeX (AM)
)
\AM@pagebox=\box26
\AM@toc@title=\toks15
\c@AM@survey=\count92
\AM@templatesizebox=\box27
)
("C:\Users\Kuzan\Documents\EMT\DMS I project\homeautomation\writings\DMSReport.
aux")
LaTeX Font Info:    Checking defaults for OML/cmm/m/it on input line 5.
LaTeX Font Info:    ... okay on input line 5.
LaTeX Font Info:    Checking defaults for T1/cmr/m/n on input line 5.
LaTeX Font Info:    ... okay on input line 5.
LaTeX Font Info:    Checking defaults for OT1/cmr/m/n on input line 5.
LaTeX Font Info:    ... okay on input line 5.
LaTeX Font Info:    Checking defaults for OMS/cmsy/m/n on input line 5.
LaTeX Font Info:    ... okay on input line 5.
LaTeX Font Info:    Checking defaults for OMX/cmex/m/n on input line 5.
LaTeX Font Info:    ... okay on input line 5.
LaTeX Font Info:    Checking defaults for U/cmr/m/n on input line 5.
LaTeX Font Info:    ... okay on input line 5.
 ("C:\Program Files (x86)\MiKTeX 2.9\tex\context\base\supp-pdf.mkii"
[Loading MPS to PDF converter (version 2006.09.02).]
\scratchcounter=\count93
\scratchdimen=\dimen107
\scratchbox=\box28
\nofMPsegments=\count94
\nofMParguments=\count95
\everyMPshowfont=\toks16
\MPscratchCnt=\count96
\MPscratchDim=\dimen108
\MPnumerator=\count97
\makeMPintoPDFobject=\count98
\everyMPtoPDFconversion=\toks17
)
\AtBeginShipoutBox=\box29
LaTeX Font Info:    External font `cmex10' loaded for size
(Font)              <12> on input line 9.
LaTeX Font Info:    External font `cmex10' loaded for size
(Font)              <8> on input line 9.
LaTeX Font Info:    External font `cmex10' loaded for size
(Font)              <6> on input line 9.
 [1

{C:/ProgramData/MiKTeX/2.9/pdftex/config/pdftex.map}]
("C:\Users\Kuzan\Documents\EMT\DMS I project\homeautomation\writings\DMSReport.
toc"
LaTeX Font Info:    External font `cmex10' loaded for size
(Font)              <7> on input line 2.
LaTeX Font Info:    External font `cmex10' loaded for size
(Font)              <5> on input line 2.
)
\tf@toc=\write3
 [2

]
Chapter 1.
LaTeX Font Info:    Try loading font information for OMS+cmr on input line 21.
("C:\Program Files (x86)\MiKTeX 2.9\tex\latex\base\omscmr.fd"
File: omscmr.fd 1999/05/25 v2.5h Standard LaTeX font definitions
)
LaTeX Font Info:    Font shape `OMS/cmr/m/n' in size <10> not available
(Font)              Font shape `OMS/cmsy/m/n' tried instead on input line 21.
 [3

] [4]
Chapter 2.
[5

] <images/curtainanalysis.png, id=24, 204.01219pt x 79.04532pt>
File: images/curtainanalysis.png Graphic file (type png)

<use images/curtainanalysis.png>
Package pdftex.def Info: images/curtainanalysis.png used on input line 68.
(pdftex.def)             Requested size: 204.01169pt x 79.0451pt.

<images/dooranalysis.png, id=26, 271.0125pt x 182.18062pt>
File: images/dooranalysis.png Graphic file (type png)

<use images/dooranalysis.png>
Package pdftex.def Info: images/dooranalysis.png used on input line 75.
(pdftex.def)             Requested size: 271.01183pt x 182.18016pt.
 [6 <C:/Users/Kuzan/Documents/EMT/DMS I project/homeautomation/writings/images/
curtainanalysis.png>] [7 <C:/Users/Kuzan/Documents/EMT/DMS I project/homeautoma
tion/writings/images/dooranalysis.png>] [8]
Overfull \hbox (3.49461pt too wide) in paragraph at lines 122--122
[]\OT1/cmr/bx/n/14.4 Sketching of Cor-re-spond-ing Mech-a-nisms and
 []

<images/curtainslider.jpg, id=39, 426.77336pt x 118.67494pt>
File: images/curtainslider.jpg Graphic file (type jpg)

<use images/curtainslider.jpg>
Package pdftex.def Info: images/curtainslider.jpg used on input line 127.
(pdftex.def)             Requested size: 426.77231pt x 118.67464pt.

Overfull \hbox (81.77231pt too wide) in paragraph at lines 127--128
[][] 
 []

<images/belt.png, id=40, 652.4375pt x 126.4725pt>
File: images/belt.png Graphic file (type png)
 <use images/belt.png>
Package pdftex.def Info: images/belt.png used on input line 134.
(pdftex.def)             Requested size: 652.4359pt x 126.47218pt.

Overfull \hbox (307.4359pt too wide) in paragraph at lines 134--135
[][] 
 []

<images/doormechanism.jpg, id=41, 444.27031pt x 158.23326pt>
File: images/doormechanism.jpg Graphic file (type jpg)

<use images/doormechanism.jpg>
Package pdftex.def Info: images/doormechanism.jpg used on input line 141.
(pdftex.def)             Requested size: 444.26921pt x 158.23286pt.

Overfull \hbox (99.26921pt too wide) in paragraph at lines 141--142
[][] 
 []

[9 <C:/Users/Kuzan/Documents/EMT/DMS I project/homeautomation/writings/images/c
urtainslider.jpg>] [10 <C:/Users/Kuzan/Documents/EMT/DMS I project/homeautomati
on/writings/images/belt.png> <C:/Users/Kuzan/Documents/EMT/DMS I project/homeau
tomation/writings/images/doormechanism.jpg>]
Chapter 3.
<doorlink_report.pdf, id=49, 614.295pt x 794.97pt>
File: doorlink_report.pdf Graphic file (type pdf)
 <use doorlink_report.pdf>
Package pdftex.def Info: doorlink_report.pdf used on input line 153.
(pdftex.def)             Requested size: 614.29349pt x 794.96806pt.
File: doorlink_report.pdf Graphic file (type pdf)

<use doorlink_report.pdf>
Package pdftex.def Info: doorlink_report.pdf used on input line 153.
(pdftex.def)             Requested size: 614.29349pt x 794.96806pt.
 [11

]
<doorlink_report.pdf, id=55, page=1, 614.295pt x 794.97pt>
File: doorlink_report.pdf Graphic file (type pdf)

<use doorlink_report.pdf, page 1>
Package pdftex.def Info: doorlink_report.pdf, page1 used on input line 153.
(pdftex.def)             Requested size: 614.29349pt x 794.96806pt.
File: doorlink_report.pdf Graphic file (type pdf)
 <use doorlink_report.pdf, page 1>
Package pdftex.def Info: doorlink_report.pdf, page1 used on input line 153.
(pdftex.def)             Requested size: 614.58406pt x 795.3441pt.
File: doorlink_report.pdf Graphic file (type pdf)

<use doorlink_report.pdf, page 1>
Package pdftex.def Info: doorlink_report.pdf, page1 used on input line 153.
(pdftex.def)             Requested size: 614.58406pt x 795.3441pt.
File: doorlink_report.pdf Graphic file (type pdf)
 <use doorlink_report.pdf, page 1>
Package pdftex.def Info: doorlink_report.pdf, page1 used on input line 153.
(pdftex.def)             Requested size: 614.58406pt x 795.3441pt.
File: doorlink_report.pdf Graphic file (type pdf)

<use doorlink_report.pdf, page 1>
Package pdftex.def Info: doorlink_report.pdf, page1 used on input line 153.
(pdftex.def)             Requested size: 614.58406pt x 795.3441pt.
 [12 <C:/Users/Kuzan/Documents/EMT/DMS I project/homeautomation/writings/doorli
nk_report.pdf>]
<doorlink_report.pdf, id=72, page=2, 614.295pt x 794.97pt>
File: doorlink_report.pdf Graphic file (type pdf)

<use doorlink_report.pdf, page 2>
Package pdftex.def Info: doorlink_report.pdf, page2 used on input line 153.
(pdftex.def)             Requested size: 614.58406pt x 795.3441pt.
File: doorlink_report.pdf Graphic file (type pdf)
 <use doorlink_report.pdf, page 2>
Package pdftex.def Info: doorlink_report.pdf, page2 used on input line 153.
(pdftex.def)             Requested size: 614.58406pt x 795.3441pt.
File: doorlink_report.pdf Graphic file (type pdf)

<use doorlink_report.pdf, page 2>
Package pdftex.def Info: doorlink_report.pdf, page2 used on input line 153.
(pdftex.def)             Requested size: 614.58406pt x 795.3441pt.
 [13 <C:/Users/Kuzan/Documents/EMT/DMS I project/homeautomation/writings/doorli
nk_report.pdf>]
<doorlink_report.pdf, id=82, page=3, 614.295pt x 794.97pt>
File: doorlink_report.pdf Graphic file (type pdf)

<use doorlink_report.pdf, page 3>
Package pdftex.def Info: doorlink_report.pdf, page3 used on input line 153.
(pdftex.def)             Requested size: 614.58406pt x 795.3441pt.
File: doorlink_report.pdf Graphic file (type pdf)
 <use doorlink_report.pdf, page 3>
Package pdftex.def Info: doorlink_report.pdf, page3 used on input line 153.
(pdftex.def)             Requested size: 614.58406pt x 795.3441pt.
File: doorlink_report.pdf Graphic file (type pdf)

<use doorlink_report.pdf, page 3>
Package pdftex.def Info: doorlink_report.pdf, page3 used on input line 153.
(pdftex.def)             Requested size: 614.58406pt x 795.3441pt.
 [14 <C:/Users/Kuzan/Documents/EMT/DMS I project/homeautomation/writings/doorli
nk_report.pdf>]
<doorlink_report.pdf, id=88, page=4, 614.295pt x 794.97pt>
File: doorlink_report.pdf Graphic file (type pdf)

<use doorlink_report.pdf, page 4>
Package pdftex.def Info: doorlink_report.pdf, page4 used on input line 153.
(pdftex.def)             Requested size: 614.58406pt x 795.3441pt.
File: doorlink_report.pdf Graphic file (type pdf)
 <use doorlink_report.pdf, page 4>
Package pdftex.def Info: doorlink_report.pdf, page4 used on input line 153.
(pdftex.def)             Requested size: 614.58406pt x 795.3441pt.
File: doorlink_report.pdf Graphic file (type pdf)

<use doorlink_report.pdf, page 4>
Package pdftex.def Info: doorlink_report.pdf, page4 used on input line 153.
(pdftex.def)             Requested size: 614.58406pt x 795.3441pt.
 [15 <C:/Users/Kuzan/Documents/EMT/DMS I project/homeautomation/writings/doorli
nk_report.pdf>]
<doorlink_report.pdf, id=96, page=5, 614.295pt x 794.97pt>
File: doorlink_report.pdf Graphic file (type pdf)

<use doorlink_report.pdf, page 5>
Package pdftex.def Info: doorlink_report.pdf, page5 used on input line 153.
(pdftex.def)             Requested size: 614.58406pt x 795.3441pt.
File: doorlink_report.pdf Graphic file (type pdf)
 <use doorlink_report.pdf, page 5>
Package pdftex.def Info: doorlink_report.pdf, page5 used on input line 153.
(pdftex.def)             Requested size: 614.58406pt x 795.3441pt.
File: doorlink_report.pdf Graphic file (type pdf)

<use doorlink_report.pdf, page 5>
Package pdftex.def Info: doorlink_report.pdf, page5 used on input line 153.
(pdftex.def)             Requested size: 614.58406pt x 795.3441pt.
 [16 <C:/Users/Kuzan/Documents/EMT/DMS I project/homeautomation/writings/doorli
nk_report.pdf>]
<doorlink_report.pdf, id=101, page=6, 614.295pt x 794.97pt>
File: doorlink_report.pdf Graphic file (type pdf)

<use doorlink_report.pdf, page 6>
Package pdftex.def Info: doorlink_report.pdf, page6 used on input line 153.
(pdftex.def)             Requested size: 614.58406pt x 795.3441pt.
File: doorlink_report.pdf Graphic file (type pdf)
 <use doorlink_report.pdf, page 6>
Package pdftex.def Info: doorlink_report.pdf, page6 used on input line 153.
(pdftex.def)             Requested size: 614.58406pt x 795.3441pt.
File: doorlink_report.pdf Graphic file (type pdf)

<use doorlink_report.pdf, page 6>
Package pdftex.def Info: doorlink_report.pdf, page6 used on input line 153.
(pdftex.def)             Requested size: 614.58406pt x 795.3441pt.
 [17 <C:/Users/Kuzan/Documents/EMT/DMS I project/homeautomation/writings/doorli
nk_report.pdf>]
<doorlink_report.pdf, id=107, page=7, 614.295pt x 794.97pt>
File: doorlink_report.pdf Graphic file (type pdf)

<use doorlink_report.pdf, page 7>
Package pdftex.def Info: doorlink_report.pdf, page7 used on input line 153.
(pdftex.def)             Requested size: 614.58406pt x 795.3441pt.
File: doorlink_report.pdf Graphic file (type pdf)
 <use doorlink_report.pdf, page 7>
Package pdftex.def Info: doorlink_report.pdf, page7 used on input line 153.
(pdftex.def)             Requested size: 614.58406pt x 795.3441pt.
File: doorlink_report.pdf Graphic file (type pdf)

<use doorlink_report.pdf, page 7>
Package pdftex.def Info: doorlink_report.pdf, page7 used on input line 153.
(pdftex.def)             Requested size: 614.58406pt x 795.3441pt.
 [18 <C:/Users/Kuzan/Documents/EMT/DMS I project/homeautomation/writings/doorli
nk_report.pdf>]
<doorlink_report.pdf, id=113, page=8, 614.295pt x 794.97pt>
File: doorlink_report.pdf Graphic file (type pdf)

<use doorlink_report.pdf, page 8>
Package pdftex.def Info: doorlink_report.pdf, page8 used on input line 153.
(pdftex.def)             Requested size: 614.58406pt x 795.3441pt.
File: doorlink_report.pdf Graphic file (type pdf)
 <use doorlink_report.pdf, page 8>
Package pdftex.def Info: doorlink_report.pdf, page8 used on input line 153.
(pdftex.def)             Requested size: 614.58406pt x 795.3441pt.
File: doorlink_report.pdf Graphic file (type pdf)

<use doorlink_report.pdf, page 8>
Package pdftex.def Info: doorlink_report.pdf, page8 used on input line 153.
(pdftex.def)             Requested size: 614.58406pt x 795.3441pt.
 [19 <C:/Users/Kuzan/Documents/EMT/DMS I project/homeautomation/writings/doorli
nk_report.pdf>]
<doorlink_report.pdf, id=121, page=9, 614.295pt x 794.97pt>
File: doorlink_report.pdf Graphic file (type pdf)

<use doorlink_report.pdf, page 9>
Package pdftex.def Info: doorlink_report.pdf, page9 used on input line 153.
(pdftex.def)             Requested size: 614.58406pt x 795.3441pt.
File: doorlink_report.pdf Graphic file (type pdf)
 <use doorlink_report.pdf, page 9>
Package pdftex.def Info: doorlink_report.pdf, page9 used on input line 153.
(pdftex.def)             Requested size: 614.58406pt x 795.3441pt.
File: doorlink_report.pdf Graphic file (type pdf)

<use doorlink_report.pdf, page 9>
Package pdftex.def Info: doorlink_report.pdf, page9 used on input line 153.
(pdftex.def)             Requested size: 614.58406pt x 795.3441pt.
 [20 <C:/Users/Kuzan/Documents/EMT/DMS I project/homeautomation/writings/doorli
nk_report.pdf>]
<slidingcompartment_report.pdf, id=127, 614.295pt x 794.97pt>
File: slidingcompartment_report.pdf Graphic file (type pdf)

<use slidingcompartment_report.pdf>
Package pdftex.def Info: slidingcompartment_report.pdf used on input line 154.
(pdftex.def)             Requested size: 614.29349pt x 794.96806pt.
File: slidingcompartment_report.pdf Graphic file (type pdf)
 <use slidingcompartment_report.pdf>
Package pdftex.def Info: slidingcompartment_report.pdf used on input line 154.
(pdftex.def)             Requested size: 614.29349pt x 794.96806pt.

<slidingcompartment_report.pdf, id=130, page=1, 614.295pt x 794.97pt>
File: slidingcompartment_report.pdf Graphic file (type pdf)

<use slidingcompartment_report.pdf, page 1>
Package pdftex.def Info: slidingcompartment_report.pdf, page1 used on input lin
e 154.
(pdftex.def)             Requested size: 614.29349pt x 794.96806pt.
File: slidingcompartment_report.pdf Graphic file (type pdf)

<use slidingcompartment_report.pdf, page 1>
Package pdftex.def Info: slidingcompartment_report.pdf, page1 used on input lin
e 154.
(pdftex.def)             Requested size: 614.58406pt x 795.3441pt.
File: slidingcompartment_report.pdf Graphic file (type pdf)

<use slidingcompartment_report.pdf, page 1>
Package pdftex.def Info: slidingcompartment_report.pdf, page1 used on input lin
e 154.
(pdftex.def)             Requested size: 614.58406pt x 795.3441pt.
File: slidingcompartment_report.pdf Graphic file (type pdf)

<use slidingcompartment_report.pdf, page 1>
Package pdftex.def Info: slidingcompartment_report.pdf, page1 used on input lin
e 154.
(pdftex.def)             Requested size: 614.58406pt x 795.3441pt.
File: slidingcompartment_report.pdf Graphic file (type pdf)

<use slidingcompartment_report.pdf, page 1>
Package pdftex.def Info: slidingcompartment_report.pdf, page1 used on input lin
e 154.
(pdftex.def)             Requested size: 614.58406pt x 795.3441pt.
 [21 <C:/Users/Kuzan/Documents/EMT/DMS I project/homeautomation/writings/slidin
gcompartment_report.pdf>]
<slidingcompartment_report.pdf, id=147, page=2, 614.295pt x 794.97pt>
File: slidingcompartment_report.pdf Graphic file (type pdf)

<use slidingcompartment_report.pdf, page 2>
Package pdftex.def Info: slidingcompartment_report.pdf, page2 used on input lin
e 154.
(pdftex.def)             Requested size: 614.58406pt x 795.3441pt.
File: slidingcompartment_report.pdf Graphic file (type pdf)

<use slidingcompartment_report.pdf, page 2>
Package pdftex.def Info: slidingcompartment_report.pdf, page2 used on input lin
e 154.
(pdftex.def)             Requested size: 614.58406pt x 795.3441pt.
File: slidingcompartment_report.pdf Graphic file (type pdf)

<use slidingcompartment_report.pdf, page 2>
Package pdftex.def Info: slidingcompartment_report.pdf, page2 used on input lin
e 154.
(pdftex.def)             Requested size: 614.58406pt x 795.3441pt.
 [22 <C:/Users/Kuzan/Documents/EMT/DMS I project/homeautomation/writings/slidin
gcompartment_report.pdf>]
<slidingcompartment_report.pdf, id=156, page=3, 614.295pt x 794.97pt>
File: slidingcompartment_report.pdf Graphic file (type pdf)

<use slidingcompartment_report.pdf, page 3>
Package pdftex.def Info: slidingcompartment_report.pdf, page3 used on input lin
e 154.
(pdftex.def)             Requested size: 614.58406pt x 795.3441pt.
File: slidingcompartment_report.pdf Graphic file (type pdf)

<use slidingcompartment_report.pdf, page 3>
Package pdftex.def Info: slidingcompartment_report.pdf, page3 used on input lin
e 154.
(pdftex.def)             Requested size: 614.58406pt x 795.3441pt.
File: slidingcompartment_report.pdf Graphic file (type pdf)

<use slidingcompartment_report.pdf, page 3>
Package pdftex.def Info: slidingcompartment_report.pdf, page3 used on input lin
e 154.
(pdftex.def)             Requested size: 614.58406pt x 795.3441pt.
 [23 <C:/Users/Kuzan/Documents/EMT/DMS I project/homeautomation/writings/slidin
gcompartment_report.pdf>]
<slidingcompartment_report.pdf, id=164, page=4, 614.295pt x 794.97pt>
File: slidingcompartment_report.pdf Graphic file (type pdf)

<use slidingcompartment_report.pdf, page 4>
Package pdftex.def Info: slidingcompartment_report.pdf, page4 used on input lin
e 154.
(pdftex.def)             Requested size: 614.58406pt x 795.3441pt.
File: slidingcompartment_report.pdf Graphic file (type pdf)

<use slidingcompartment_report.pdf, page 4>
Package pdftex.def Info: slidingcompartment_report.pdf, page4 used on input lin
e 154.
(pdftex.def)             Requested size: 614.58406pt x 795.3441pt.
File: slidingcompartment_report.pdf Graphic file (type pdf)

<use slidingcompartment_report.pdf, page 4>
Package pdftex.def Info: slidingcompartment_report.pdf, page4 used on input lin
e 154.
(pdftex.def)             Requested size: 614.58406pt x 795.3441pt.
 [24 <C:/Users/Kuzan/Documents/EMT/DMS I project/homeautomation/writings/slidin
gcompartment_report.pdf>]
<slidingcompartment_report.pdf, id=170, page=5, 614.295pt x 794.97pt>
File: slidingcompartment_report.pdf Graphic file (type pdf)

<use slidingcompartment_report.pdf, page 5>
Package pdftex.def Info: slidingcompartment_report.pdf, page5 used on input lin
e 154.
(pdftex.def)             Requested size: 614.58406pt x 795.3441pt.
File: slidingcompartment_report.pdf Graphic file (type pdf)

<use slidingcompartment_report.pdf, page 5>
Package pdftex.def Info: slidingcompartment_report.pdf, page5 used on input lin
e 154.
(pdftex.def)             Requested size: 614.58406pt x 795.3441pt.
File: slidingcompartment_report.pdf Graphic file (type pdf)

<use slidingcompartment_report.pdf, page 5>
Package pdftex.def Info: slidingcompartment_report.pdf, page5 used on input lin
e 154.
(pdftex.def)             Requested size: 614.58406pt x 795.3441pt.
 [25 <C:/Users/Kuzan/Documents/EMT/DMS I project/homeautomation/writings/slidin
gcompartment_report.pdf>]
<slidingcompartment_report.pdf, id=177, page=6, 614.295pt x 794.97pt>
File: slidingcompartment_report.pdf Graphic file (type pdf)

<use slidingcompartment_report.pdf, page 6>
Package pdftex.def Info: slidingcompartment_report.pdf, page6 used on input lin
e 154.
(pdftex.def)             Requested size: 614.58406pt x 795.3441pt.
File: slidingcompartment_report.pdf Graphic file (type pdf)

<use slidingcompartment_report.pdf, page 6>
Package pdftex.def Info: slidingcompartment_report.pdf, page6 used on input lin
e 154.
(pdftex.def)             Requested size: 614.58406pt x 795.3441pt.
File: slidingcompartment_report.pdf Graphic file (type pdf)

<use slidingcompartment_report.pdf, page 6>
Package pdftex.def Info: slidingcompartment_report.pdf, page6 used on input lin
e 154.
(pdftex.def)             Requested size: 614.58406pt x 795.3441pt.
 [26 <C:/Users/Kuzan/Documents/EMT/DMS I project/homeautomation/writings/slidin
gcompartment_report.pdf>]
<slidingcompartment_report.pdf, id=184, page=7, 614.295pt x 794.97pt>
File: slidingcompartment_report.pdf Graphic file (type pdf)

<use slidingcompartment_report.pdf, page 7>
Package pdftex.def Info: slidingcompartment_report.pdf, page7 used on input lin
e 154.
(pdftex.def)             Requested size: 614.58406pt x 795.3441pt.
File: slidingcompartment_report.pdf Graphic file (type pdf)

<use slidingcompartment_report.pdf, page 7>
Package pdftex.def Info: slidingcompartment_report.pdf, page7 used on input lin
e 154.
(pdftex.def)             Requested size: 614.58406pt x 795.3441pt.
File: slidingcompartment_report.pdf Graphic file (type pdf)

<use slidingcompartment_report.pdf, page 7>
Package pdftex.def Info: slidingcompartment_report.pdf, page7 used on input lin
e 154.
(pdftex.def)             Requested size: 614.58406pt x 795.3441pt.
 [27 <C:/Users/Kuzan/Documents/EMT/DMS I project/homeautomation/writings/slidin
gcompartment_report.pdf>]
Chapter 4.
[28

] [29

]
("C:\Users\Kuzan\Documents\EMT\DMS I project\homeautomation\writings\DMSReport.
aux") )
(\end occurred inside a group at level 1)

### simple group (level 1) entered at line 107 ({)
### bottom level 
Here is how much of TeX's memory you used:
 2524 strings out of 493921
 36516 string characters out of 3144876
 94437 words of memory out of 3000000
 5809 multiletter control sequences out of 15000+200000
 9460 words of font info for 33 fonts, out of 3000000 for 9000
 841 hyphenation exceptions out of 8191
 39i,18n,43p,487b,443s stack positions out of 5000i,500n,10000p,200000b,50000s
<C:/Program Files (x86)/MiKTeX 2.9/fonts/type1/public/amsfonts/
cm/cmbx10.pfb><C:/Program Files (x86)/MiKTeX 2.9/fonts/type1/public/amsfonts/cm
/cmbx12.pfb><C:/Program Files (x86)/MiKTeX 2.9/fonts/type1/public/amsfonts/cm/c
mr10.pfb><C:/Program Files (x86)/MiKTeX 2.9/fonts/type1/public/amsfonts/cm/cmr1
2.pfb><C:/Program Files (x86)/MiKTeX 2.9/fonts/type1/public/amsfonts/cm/cmr17.p
fb><C:/Program Files (x86)/MiKTeX 2.9/fonts/type1/public/amsfonts/cm/cmsl10.pfb
><C:/Program Files (x86)/MiKTeX 2.9/fonts/type1/public/amsfonts/cm/cmsy10.pfb>
Output written on DMSReport.pdf (29 pages, 1048134 bytes).
PDF statistics:
 219 PDF objects out of 1000 (max. 8388607)
 0 named destinations out of 1000 (max. 500000)
 136 words of extra memory for PDF output out of 10000 (max. 10000000)

